<?xml version="1.0" encoding="UTF-8"?>
<!-- Generated by org.testng.reporters.JUnitReportReporter -->
<testsuite skipped="0" hostname="DESKTOP-6JNK8J5" name="sampleTest.SampleTest" tests="1" failures="0" timestamp="27 Oct 2018 11:29:15 GMT" time="24.125" errors="0">
  <testcase name="logintest" time="24.125" classname="sampleTest.SampleTest"/>
</testsuite> <!-- sampleTest.SampleTest -->
